#-----------------------------------------------------------
# Vivado v2020.2 (64-bit)
# SW Build 3064766 on Wed Nov 18 09:12:47 MST 2020
# IP Build 3064653 on Wed Nov 18 14:17:31 MST 2020
# Start of session at: Mon May 31 21:17:14 2021
# Process ID: 23932
# Current directory: /home/CORP.PKUSC.ORG/kirlia/tensorlib/tensorlib
# Command line: vivado
# Log file: /home/CORP.PKUSC.ORG/kirlia/tensorlib/tensorlib/vivado.log
# Journal file: /home/CORP.PKUSC.ORG/kirlia/tensorlib/tensorlib/vivado.jou
#-----------------------------------------------------------
start_gui
create_project 10x16_tensorlib /home/CORP.PKUSC.ORG/kirlia/xilinx/10x16_tensorlib -part xcvu9p-flga2104-2-e
INFO: [IP_Flow 19-234] Refreshing IP repositories
INFO: [IP_Flow 19-1704] No user IP repositories specified
INFO: [IP_Flow 19-2313] Loaded Vivado IP repository '/home/CORP.PKUSC.ORG/kirlia/xilinx/Vivado/2020.2/data/ip'.
INFO: [IP_Flow 19-3899] Cannot get the environment domain name variable for the component vendor name. Setting the vendor name to 'user.org'.
create_project: Time (s): cpu = 00:00:13 ; elapsed = 00:00:08 . Memory (MB): peak = 7565.383 ; gain = 54.082 ; free physical = 25514 ; free virtual = 143543
add_files -norecurse /home/CORP.PKUSC.ORG/kirlia/tensorlib/tensorlib/out.v
import_files -force -norecurse
INFO: [filemgmt 20-348] Importing the appropriate files for fileset: 'sources_1'
import_files -fileset constrs_1 -force -norecurse /home/CORP.PKUSC.ORG/kirlia/xilinx/getpe_15x9.xdc
update_compile_order -fileset sources_1
update_files -from_files /home/CORP.PKUSC.ORG/kirlia/xilinx/clock.xdc -to_files /home/CORP.PKUSC.ORG/kirlia/xilinx/10x16_tensorlib/10x16_tensorlib.srcs/constrs_1/imports/xilinx/getpe_15x9.xdc -filesets [get_filesets *]
INFO: [filemgmt 20-762] Replacing file '/home/CORP.PKUSC.ORG/kirlia/xilinx/10x16_tensorlib/10x16_tensorlib.srcs/constrs_1/imports/xilinx/getpe_15x9.xdc' with file '/home/CORP.PKUSC.ORG/kirlia/xilinx/clock.xdc'.
INFO: [filemgmt 20-1080] Importing file from '/home/CORP.PKUSC.ORG/kirlia/xilinx/clock.xdc' to '/home/CORP.PKUSC.ORG/kirlia/xilinx/10x16_tensorlib/10x16_tensorlib.srcs/constrs_1/imports/xilinx/clock.xdc'.
create_ip -name floating_point -vendor xilinx.com -library ip -version 7.1 -module_name floating_point_0
set_property -dict [list CONFIG.Operation_Type {FMA} CONFIG.Add_Sub_Value {Add} CONFIG.C_Mult_Usage {Full_Usage} CONFIG.Flow_Control {NonBlocking} CONFIG.Maximum_Latency {false} CONFIG.C_Latency {12} CONFIG.A_Precision_Type {Single} CONFIG.C_A_Exponent_Width {8} CONFIG.C_A_Fraction_Width {24} CONFIG.Result_Precision_Type {Single} CONFIG.C_Result_Exponent_Width {8} CONFIG.C_Result_Fraction_Width {24} CONFIG.Has_RESULT_TREADY {false} CONFIG.C_Rate {1}] [get_ips floating_point_0]
generate_target {instantiation_template} [get_files /home/CORP.PKUSC.ORG/kirlia/xilinx/10x16_tensorlib/10x16_tensorlib.srcs/sources_1/ip/floating_point_0/floating_point_0.xci]
INFO: [IP_Flow 19-1686] Generating 'Instantiation Template' target for IP 'floating_point_0'...
update_compile_order -fileset sources_1
set_property generate_synth_checkpoint false [get_files  /home/CORP.PKUSC.ORG/kirlia/xilinx/10x16_tensorlib/10x16_tensorlib.srcs/sources_1/ip/floating_point_0/floating_point_0.xci]
generate_target all [get_files  /home/CORP.PKUSC.ORG/kirlia/xilinx/10x16_tensorlib/10x16_tensorlib.srcs/sources_1/ip/floating_point_0/floating_point_0.xci]
INFO: [IP_Flow 19-1686] Generating 'Instantiation Template' target for IP 'floating_point_0'...
INFO: [IP_Flow 19-1686] Generating 'Synthesis' target for IP 'floating_point_0'...
INFO: [IP_Flow 19-1686] Generating 'Simulation' target for IP 'floating_point_0'...
INFO: [IP_Flow 19-1686] Generating 'C Simulation' target for IP 'floating_point_0'...
INFO: [IP_Flow 19-1686] Generating 'Test Bench' target for IP 'floating_point_0'...
INFO: [IP_Flow 19-1686] Generating 'Change Log' target for IP 'floating_point_0'...
export_ip_user_files -of_objects [get_files /home/CORP.PKUSC.ORG/kirlia/xilinx/10x16_tensorlib/10x16_tensorlib.srcs/sources_1/ip/floating_point_0/floating_point_0.xci] -no_script -sync -force -quiet
export_simulation -of_objects [get_files /home/CORP.PKUSC.ORG/kirlia/xilinx/10x16_tensorlib/10x16_tensorlib.srcs/sources_1/ip/floating_point_0/floating_point_0.xci] -directory /home/CORP.PKUSC.ORG/kirlia/xilinx/10x16_tensorlib/10x16_tensorlib.ip_user_files/sim_scripts -ip_user_files_dir /home/CORP.PKUSC.ORG/kirlia/xilinx/10x16_tensorlib/10x16_tensorlib.ip_user_files -ipstatic_source_dir /home/CORP.PKUSC.ORG/kirlia/xilinx/10x16_tensorlib/10x16_tensorlib.ip_user_files/ipstatic -lib_map_path [list {modelsim=/home/CORP.PKUSC.ORG/kirlia/xilinx/10x16_tensorlib/10x16_tensorlib.cache/compile_simlib/modelsim} {questa=/home/CORP.PKUSC.ORG/kirlia/xilinx/10x16_tensorlib/10x16_tensorlib.cache/compile_simlib/questa} {ies=/home/CORP.PKUSC.ORG/kirlia/xilinx/10x16_tensorlib/10x16_tensorlib.cache/compile_simlib/ies} {xcelium=/home/CORP.PKUSC.ORG/kirlia/xilinx/10x16_tensorlib/10x16_tensorlib.cache/compile_simlib/xcelium} {vcs=/home/CORP.PKUSC.ORG/kirlia/xilinx/10x16_tensorlib/10x16_tensorlib.cache/compile_simlib/vcs} {riviera=/home/CORP.PKUSC.ORG/kirlia/xilinx/10x16_tensorlib/10x16_tensorlib.cache/compile_simlib/riviera}] -use_ip_compiled_libs -force -quiet
INFO: [IP_Flow 19-3899] Cannot get the environment domain name variable for the component vendor name. Setting the vendor name to 'user.org'.
set_property -name {STEPS.SYNTH_DESIGN.ARGS.MORE OPTIONS} -value {-mode out_of_context} -objects [get_runs synth_1]
INFO: [IP_Flow 19-3899] Cannot get the environment domain name variable for the component vendor name. Setting the vendor name to 'user.org'.
export_ip_user_files -of_objects  [get_files /home/CORP.PKUSC.ORG/kirlia/xilinx/10x16_tensorlib/10x16_tensorlib.srcs/sources_1/ip/floating_point_0/floating_point_0.xci] -no_script -reset -force -quiet
remove_files  /home/CORP.PKUSC.ORG/kirlia/xilinx/10x16_tensorlib/10x16_tensorlib.srcs/sources_1/ip/floating_point_0/floating_point_0.xci
create_ip -name floating_point -vendor xilinx.com -library ip -version 7.1 -module_name My_fmac
set_property -dict [list CONFIG.Component_Name {My_fmac} CONFIG.Operation_Type {FMA} CONFIG.Add_Sub_Value {Add} CONFIG.C_Mult_Usage {Full_Usage} CONFIG.Flow_Control {NonBlocking} CONFIG.Maximum_Latency {false} CONFIG.C_Latency {12} CONFIG.A_Precision_Type {Single} CONFIG.C_A_Exponent_Width {8} CONFIG.C_A_Fraction_Width {24} CONFIG.Result_Precision_Type {Single} CONFIG.C_Result_Exponent_Width {8} CONFIG.C_Result_Fraction_Width {24} CONFIG.Has_RESULT_TREADY {false} CONFIG.C_Rate {1}] [get_ips My_fmac]
WARNING: [Vivado 12-3523] Attempt to change 'Component_Name' from 'My_fmac' to 'My_fmac' is not allowed and is ignored.
generate_target {instantiation_template} [get_files /home/CORP.PKUSC.ORG/kirlia/xilinx/10x16_tensorlib/10x16_tensorlib.srcs/sources_1/ip/My_fmac/My_fmac.xci]
INFO: [IP_Flow 19-1686] Generating 'Instantiation Template' target for IP 'My_fmac'...
update_compile_order -fileset sources_1
set_property generate_synth_checkpoint false [get_files  /home/CORP.PKUSC.ORG/kirlia/xilinx/10x16_tensorlib/10x16_tensorlib.srcs/sources_1/ip/My_fmac/My_fmac.xci]
generate_target all [get_files  /home/CORP.PKUSC.ORG/kirlia/xilinx/10x16_tensorlib/10x16_tensorlib.srcs/sources_1/ip/My_fmac/My_fmac.xci]
INFO: [IP_Flow 19-1686] Generating 'Instantiation Template' target for IP 'My_fmac'...
INFO: [IP_Flow 19-1686] Generating 'Synthesis' target for IP 'My_fmac'...
INFO: [IP_Flow 19-1686] Generating 'Simulation' target for IP 'My_fmac'...
INFO: [IP_Flow 19-1686] Generating 'C Simulation' target for IP 'My_fmac'...
INFO: [IP_Flow 19-1686] Generating 'Test Bench' target for IP 'My_fmac'...
INFO: [IP_Flow 19-1686] Generating 'Change Log' target for IP 'My_fmac'...
export_ip_user_files -of_objects [get_files /home/CORP.PKUSC.ORG/kirlia/xilinx/10x16_tensorlib/10x16_tensorlib.srcs/sources_1/ip/My_fmac/My_fmac.xci] -no_script -sync -force -quiet
export_simulation -of_objects [get_files /home/CORP.PKUSC.ORG/kirlia/xilinx/10x16_tensorlib/10x16_tensorlib.srcs/sources_1/ip/My_fmac/My_fmac.xci] -directory /home/CORP.PKUSC.ORG/kirlia/xilinx/10x16_tensorlib/10x16_tensorlib.ip_user_files/sim_scripts -ip_user_files_dir /home/CORP.PKUSC.ORG/kirlia/xilinx/10x16_tensorlib/10x16_tensorlib.ip_user_files -ipstatic_source_dir /home/CORP.PKUSC.ORG/kirlia/xilinx/10x16_tensorlib/10x16_tensorlib.ip_user_files/ipstatic -lib_map_path [list {modelsim=/home/CORP.PKUSC.ORG/kirlia/xilinx/10x16_tensorlib/10x16_tensorlib.cache/compile_simlib/modelsim} {questa=/home/CORP.PKUSC.ORG/kirlia/xilinx/10x16_tensorlib/10x16_tensorlib.cache/compile_simlib/questa} {ies=/home/CORP.PKUSC.ORG/kirlia/xilinx/10x16_tensorlib/10x16_tensorlib.cache/compile_simlib/ies} {xcelium=/home/CORP.PKUSC.ORG/kirlia/xilinx/10x16_tensorlib/10x16_tensorlib.cache/compile_simlib/xcelium} {vcs=/home/CORP.PKUSC.ORG/kirlia/xilinx/10x16_tensorlib/10x16_tensorlib.cache/compile_simlib/vcs} {riviera=/home/CORP.PKUSC.ORG/kirlia/xilinx/10x16_tensorlib/10x16_tensorlib.cache/compile_simlib/riviera}] -use_ip_compiled_libs -force -quiet
launch_runs impl_1 -jobs 28
[Mon May 31 21:25:27 2021] Launched synth_1...
Run output will be captured here: /home/CORP.PKUSC.ORG/kirlia/xilinx/10x16_tensorlib/10x16_tensorlib.runs/synth_1/runme.log
[Mon May 31 21:25:27 2021] Launched impl_1...
Run output will be captured here: /home/CORP.PKUSC.ORG/kirlia/xilinx/10x16_tensorlib/10x16_tensorlib.runs/impl_1/runme.log
