#-----------------------------------------------------------
# Vivado v2020.2 (64-bit)
# SW Build 3064766 on Wed Nov 18 09:12:47 MST 2020
# IP Build 3064653 on Wed Nov 18 14:17:31 MST 2020
# Start of session at: Wed May 26 22:59:13 2021
# Process ID: 343
# Current directory: /home/CORP.PKUSC.ORG/kirlia/tensorlib/tensorlib
# Command line: vivado
# Log file: /home/CORP.PKUSC.ORG/kirlia/tensorlib/tensorlib/vivado.log
# Journal file: /home/CORP.PKUSC.ORG/kirlia/tensorlib/tensorlib/vivado.jou
#-----------------------------------------------------------
start_gui
open_project /home/CORP.PKUSC.ORG/kirlia/xilinx/16x10_baseline/16x10_baseline.xpr
Scanning sources...
Finished scanning sources
INFO: [IP_Flow 19-234] Refreshing IP repositories
INFO: [IP_Flow 19-1704] No user IP repositories specified
INFO: [IP_Flow 19-2313] Loaded Vivado IP repository '/home/CORP.PKUSC.ORG/kirlia/xilinx/Vivado/2020.2/data/ip'.
INFO: [IP_Flow 19-3899] Cannot get the environment domain name variable for the component vendor name. Setting the vendor name to 'user.org'.
open_project: Time (s): cpu = 00:00:17 ; elapsed = 00:00:12 . Memory (MB): peak = 7547.434 ; gain = 58.098 ; free physical = 121028 ; free virtual = 197031
update_compile_order -fileset sources_1
reset_run impl_1
reset_runs: Time (s): cpu = 00:00:03 ; elapsed = 00:00:10 . Memory (MB): peak = 7583.449 ; gain = 0.000 ; free physical = 148245 ; free virtual = 224254
INFO: [IP_Flow 19-3899] Cannot get the environment domain name variable for the component vendor name. Setting the vendor name to 'user.org'.
copy_run -name synth_1_copy_2 [get_runs synth_1] 
synth_1_copy_2
set_property part xcvu9p-flga2104-2-e [current_project]
INFO: [IP_Flow 19-3899] Cannot get the environment domain name variable for the component vendor name. Setting the vendor name to 'user.org'.
INFO: [IP_Flow 19-3899] Cannot get the environment domain name variable for the component vendor name. Setting the vendor name to 'user.org'.
WARNING: [IP_Flow 19-2162] IP 'My_fmac' is locked:
* Current project part 'xcvu9p-flga2104-2-e' and the part 'xcvu9p-flgb2104-2-e' used to customize the IP 'My_fmac' do not match.
INFO: [IP_Flow 19-3899] Cannot get the environment domain name variable for the component vendor name. Setting the vendor name to 'user.org'.
reset_run synth_1
launch_runs synth_1 -jobs 28
WARNING: [Runs 36-337] The following IPs are either missing output products or output products are not up-to-date for Synthesis target. Since these IPs are locked, no update to the output products can be done. 
Please select 'Report IP Status' from the 'Tools/Report' menu or run Tcl command 'report_ip_status' for more information.
/home/CORP.PKUSC.ORG/kirlia/xilinx/16x10_baseline/16x10_baseline.srcs/sources_1/ip/My_fmac/My_fmac.xci

[Wed May 26 23:02:07 2021] Launched synth_1...
Run output will be captured here: /home/CORP.PKUSC.ORG/kirlia/xilinx/16x10_baseline/16x10_baseline.runs/synth_1/runme.log
exit
INFO: [Common 17-206] Exiting Vivado at Thu May 27 10:16:10 2021...
