#-----------------------------------------------------------
# Vivado v2020.2 (64-bit)
# SW Build 3064766 on Wed Nov 18 09:12:47 MST 2020
# IP Build 3064653 on Wed Nov 18 14:17:31 MST 2020
# Start of session at: Wed Jun  2 16:45:51 2021
# Process ID: 13612
# Current directory: /home/CORP.PKUSC.ORG/kirlia/tensorlib/tensorlib
# Command line: vivado
# Log file: /home/CORP.PKUSC.ORG/kirlia/tensorlib/tensorlib/vivado.log
# Journal file: /home/CORP.PKUSC.ORG/kirlia/tensorlib/tensorlib/vivado.jou
#-----------------------------------------------------------
start_gui
open_project /home/CORP.PKUSC.ORG/kirlia/xilinx/10x16_tensorlib/10x16_tensorlib.xpr
Scanning sources...
Finished scanning sources
INFO: [IP_Flow 19-234] Refreshing IP repositories
INFO: [IP_Flow 19-1704] No user IP repositories specified
INFO: [IP_Flow 19-2313] Loaded Vivado IP repository '/home/CORP.PKUSC.ORG/kirlia/xilinx/Vivado/2020.2/data/ip'.
INFO: [IP_Flow 19-3899] Cannot get the environment domain name variable for the component vendor name. Setting the vendor name to 'user.org'.
open_project: Time (s): cpu = 00:00:16 ; elapsed = 00:00:11 . Memory (MB): peak = 7560.250 ; gain = 58.098 ; free physical = 44208 ; free virtual = 161286
update_compile_order -fileset sources_1
reset_run impl_1
reset_runs: Time (s): cpu = 00:00:03 ; elapsed = 00:00:14 . Memory (MB): peak = 7594.277 ; gain = 0.000 ; free physical = 73222 ; free virtual = 190314
update_files -from_files /home/CORP.PKUSC.ORG/kirlia/tensorlib/tensorlib/out.v -to_files /home/CORP.PKUSC.ORG/kirlia/xilinx/10x16_tensorlib/10x16_tensorlib.srcs/sources_1/imports/tensorlib/out.v -filesets [get_filesets *]
INFO: [filemgmt 20-762] Replacing file '/home/CORP.PKUSC.ORG/kirlia/xilinx/10x16_tensorlib/10x16_tensorlib.srcs/sources_1/imports/tensorlib/out.v' with file '/home/CORP.PKUSC.ORG/kirlia/tensorlib/tensorlib/out.v'.
INFO: [filemgmt 20-1080] Importing file from '/home/CORP.PKUSC.ORG/kirlia/tensorlib/tensorlib/out.v' to '/home/CORP.PKUSC.ORG/kirlia/xilinx/10x16_tensorlib/10x16_tensorlib.srcs/sources_1/imports/tensorlib/out.v'.
reset_run synth_1
reset_runs: Time (s): cpu = 00:00:02 ; elapsed = 00:00:37 . Memory (MB): peak = 7610.410 ; gain = 0.000 ; free physical = 74310 ; free virtual = 191403
launch_runs impl_1 -jobs 28
[Wed Jun  2 16:49:30 2021] Launched synth_1...
Run output will be captured here: /home/CORP.PKUSC.ORG/kirlia/xilinx/10x16_tensorlib/10x16_tensorlib.runs/synth_1/runme.log
[Wed Jun  2 16:49:30 2021] Launched impl_1...
Run output will be captured here: /home/CORP.PKUSC.ORG/kirlia/xilinx/10x16_tensorlib/10x16_tensorlib.runs/impl_1/runme.log
